<?xml version="1.0" encoding="UTF-8"?>
<testng-results ignored="0" total="10" passed="10" failed="0" skipped="0">
  <reporter-output>
  </reporter-output>
  <suite started-at="2024-02-03T14:19:47 EST" name="Default suite" finished-at="2024-02-03T14:20:46 EST" duration-ms="59387">
    <groups>
      <group name="cucumber">
        <method signature="AbstractTestNGCucumberTests.runScenario(io.cucumber.testng.PickleWrapper,io.cucumber.testng.FeatureWrapper)[pri:0, instance:testrunner.TestRunner@43195e57]" name="runScenario" class="io.cucumber.testng.AbstractTestNGCucumberTests"/>
      </group> <!-- cucumber -->
    </groups>
    <test started-at="2024-02-03T14:19:47 EST" name="Default test" finished-at="2024-02-03T14:20:46 EST" duration-ms="59387">
      <class name="testrunner.TestRunner">
        <test-method is-config="true" signature="setUpClass(org.testng.ITestContext)[pri:0, instance:testrunner.TestRunner@43195e57]" started-at="2024-02-03T14:19:47 EST" name="setUpClass" finished-at="2024-02-03T14:19:47 EST" duration-ms="399" status="PASS">
          <params>
            <param index="0">
              <value>
                <![CDATA[org.testng.TestRunner@62cba181]]>
              </value>
            </param>
          </params>
          <reporter-output>
          </reporter-output>
        </test-method> <!-- setUpClass -->
        <test-method signature="runScenario(io.cucumber.testng.PickleWrapper,io.cucumber.testng.FeatureWrapper)[pri:0, instance:testrunner.TestRunner@43195e57]" started-at="2024-02-03T14:19:47 EST" name="runScenario" description="Runs Cucumber Scenarios" data-provider="scenarios" finished-at="2024-02-03T14:20:20 EST" duration-ms="32765" status="PASS">
          <params>
            <param index="0">
              <value>
                <![CDATA["Array Flow - Array Practice"]]>
              </value>
            </param>
            <param index="1">
              <value>
                <![CDATA["Array"]]>
              </value>
            </param>
          </params>
          <reporter-output>
          </reporter-output>
        </test-method> <!-- runScenario -->
        <test-method signature="runScenario(io.cucumber.testng.PickleWrapper,io.cucumber.testng.FeatureWrapper)[pri:0, instance:testrunner.TestRunner@43195e57]" started-at="2024-02-03T14:19:47 EST" name="runScenario" description="Runs Cucumber Scenarios" data-provider="scenarios" finished-at="2024-02-03T14:20:43 EST" duration-ms="56452" status="PASS">
          <params>
            <param index="0">
              <value>
                <![CDATA["DataStructure Flow - Time Complexity"]]>
              </value>
            </param>
            <param index="1">
              <value>
                <![CDATA["DataStructure"]]>
              </value>
            </param>
          </params>
          <reporter-output>
          </reporter-output>
        </test-method> <!-- runScenario -->
        <test-method signature="runScenario(io.cucumber.testng.PickleWrapper,io.cucumber.testng.FeatureWrapper)[pri:0, instance:testrunner.TestRunner@43195e57]" started-at="2024-02-03T14:19:47 EST" name="runScenario" description="Runs Cucumber Scenarios" data-provider="scenarios" finished-at="2024-02-03T14:20:20 EST" duration-ms="32924" status="PASS">
          <params>
            <param index="0">
              <value>
                <![CDATA["Home Page"]]>
              </value>
            </param>
            <param index="1">
              <value>
                <![CDATA["Home Page"]]>
              </value>
            </param>
          </params>
          <reporter-output>
          </reporter-output>
        </test-method> <!-- runScenario -->
        <test-method signature="runScenario(io.cucumber.testng.PickleWrapper,io.cucumber.testng.FeatureWrapper)[pri:0, instance:testrunner.TestRunner@43195e57]" started-at="2024-02-03T14:19:47 EST" name="runScenario" description="Runs Cucumber Scenarios" data-provider="scenarios" finished-at="2024-02-03T14:20:44 EST" duration-ms="56634" status="PASS">
          <params>
            <param index="0">
              <value>
                <![CDATA["Array Flow - Applications of Array"]]>
              </value>
            </param>
            <param index="1">
              <value>
                <![CDATA["Array"]]>
              </value>
            </param>
          </params>
          <reporter-output>
          </reporter-output>
        </test-method> <!-- runScenario -->
        <test-method signature="runScenario(io.cucumber.testng.PickleWrapper,io.cucumber.testng.FeatureWrapper)[pri:0, instance:testrunner.TestRunner@43195e57]" started-at="2024-02-03T14:19:47 EST" name="runScenario" description="Runs Cucumber Scenarios" data-provider="scenarios" finished-at="2024-02-03T14:20:44 EST" duration-ms="56753" status="PASS">
          <params>
            <param index="0">
              <value>
                <![CDATA["Array Flow - Arrays Using List"]]>
              </value>
            </param>
            <param index="1">
              <value>
                <![CDATA["Array"]]>
              </value>
            </param>
          </params>
          <reporter-output>
          </reporter-output>
        </test-method> <!-- runScenario -->
        <test-method signature="runScenario(io.cucumber.testng.PickleWrapper,io.cucumber.testng.FeatureWrapper)[pri:0, instance:testrunner.TestRunner@43195e57]" started-at="2024-02-03T14:19:47 EST" name="runScenario" description="Runs Cucumber Scenarios" data-provider="scenarios" finished-at="2024-02-03T14:20:25 EST" duration-ms="37673" status="PASS">
          <params>
            <param index="0">
              <value>
                <![CDATA["Register DSalgo portal"]]>
              </value>
            </param>
            <param index="1">
              <value>
                <![CDATA["DSalgo Registeration"]]>
              </value>
            </param>
          </params>
          <reporter-output>
          </reporter-output>
        </test-method> <!-- runScenario -->
        <test-method signature="runScenario(io.cucumber.testng.PickleWrapper,io.cucumber.testng.FeatureWrapper)[pri:0, instance:testrunner.TestRunner@43195e57]" started-at="2024-02-03T14:19:47 EST" name="runScenario" description="Runs Cucumber Scenarios" data-provider="scenarios" finished-at="2024-02-03T14:20:21 EST" duration-ms="34051" status="PASS">
          <params>
            <param index="0">
              <value>
                <![CDATA["SigningIn portal"]]>
              </value>
            </param>
            <param index="1">
              <value>
                <![CDATA["Signing In"]]>
              </value>
            </param>
          </params>
          <reporter-output>
          </reporter-output>
        </test-method> <!-- runScenario -->
        <test-method signature="runScenario(io.cucumber.testng.PickleWrapper,io.cucumber.testng.FeatureWrapper)[pri:0, instance:testrunner.TestRunner@43195e57]" started-at="2024-02-03T14:19:47 EST" name="runScenario" description="Runs Cucumber Scenarios" data-provider="scenarios" finished-at="2024-02-03T14:20:20 EST" duration-ms="33203" status="PASS">
          <params>
            <param index="0">
              <value>
                <![CDATA["DataStructure Flow - DS Practice"]]>
              </value>
            </param>
            <param index="1">
              <value>
                <![CDATA["DataStructure"]]>
              </value>
            </param>
          </params>
          <reporter-output>
          </reporter-output>
        </test-method> <!-- runScenario -->
        <test-method signature="runScenario(io.cucumber.testng.PickleWrapper,io.cucumber.testng.FeatureWrapper)[pri:0, instance:testrunner.TestRunner@43195e57]" started-at="2024-02-03T14:19:47 EST" name="runScenario" description="Runs Cucumber Scenarios" data-provider="scenarios" finished-at="2024-02-03T14:20:43 EST" duration-ms="56312" status="PASS">
          <params>
            <param index="0">
              <value>
                <![CDATA["Array Flow - Basic Operations in Lists"]]>
              </value>
            </param>
            <param index="1">
              <value>
                <![CDATA["Array"]]>
              </value>
            </param>
          </params>
          <reporter-output>
          </reporter-output>
        </test-method> <!-- runScenario -->
        <test-method signature="runScenario(io.cucumber.testng.PickleWrapper,io.cucumber.testng.FeatureWrapper)[pri:0, instance:testrunner.TestRunner@43195e57]" started-at="2024-02-03T14:19:47 EST" name="runScenario" description="Runs Cucumber Scenarios" data-provider="scenarios" finished-at="2024-02-03T14:20:44 EST" duration-ms="57423" status="PASS">
          <params>
            <param index="0">
              <value>
                <![CDATA["Array Flow - Arrays in Python"]]>
              </value>
            </param>
            <param index="1">
              <value>
                <![CDATA["Array"]]>
              </value>
            </param>
          </params>
          <reporter-output>
          </reporter-output>
        </test-method> <!-- runScenario -->
        <test-method is-config="true" signature="tearDownClass()[pri:0, instance:testrunner.TestRunner@43195e57]" started-at="2024-02-03T14:20:44 EST" name="tearDownClass" finished-at="2024-02-03T14:20:46 EST" duration-ms="1550" status="PASS">
          <reporter-output>
          </reporter-output>
        </test-method> <!-- tearDownClass -->
      </class> <!-- testrunner.TestRunner -->
    </test> <!-- Default test -->
  </suite> <!-- Default suite -->
</testng-results>
